<?xml version="1.0" encoding="UTF-8"?>
<!-- Generated by org.testng.reporters.JUnitReportReporter -->
<testsuite hostname="VuET" name="AutomationFramwork.NewTest" tests="1" failures="0" timestamp="7 Jul 2016 09:23:23 GMT" time="0.001" errors="1">
  <testcase name="main" time="0.001" classname="AutomationFramwork.NewTest">
    <error type="org.openqa.selenium.WebDriverException" message="Failed to connect to binary FirefoxBinary(C:\Program Files\Mozilla Firefox\firefox.exe) on port 7055; process output follows: 
DEBUG	getModTime: Recursive scan of {972ce4c6-7e08-4474-a285-3208198ce6fd}
1467883358857	DeferredSave.extensions.json	DEBUG	Save changes
1467883358857	addons.xpi	DEBUG	Updating database with changes to installed add-ons
1467883358858	addons.xpi-utils	DEBUG	Updating add-on states
1467883358858	addons.xpi-utils	DEBUG	Writing add-ons list
1467883358860	addons.xpi	DEBUG	Registering manifest for C:\Program Files\Mozilla Firefox\browser\features\e10srollout@mozilla.org.xpi
1467883358860	addons.xpi	DEBUG	Calling bootstrap method startup on e10srollout@mozilla.org version 1.0
1467883358860	addons.xpi	DEBUG	Registering manifest for C:\Program Files\Mozilla Firefox\browser\features\firefox@getpocket.com.xpi
1467883358861	addons.xpi	DEBUG	Calling bootstrap method startup on firefox@getpocket.com version 1.0.2
1467883358862	addons.xpi	DEBUG	Registering manifest for C:\Program Files\Mozilla Firefox\browser\features\loop@mozilla.org.xpi
1467883358862	addons.xpi	DEBUG	Calling bootstrap method startup on loop@mozilla.org version 1.3.2
1467883358881	addons.manager	DEBUG	Registering shutdown blocker for XPIProvider
1467883358881	addons.manager	DEBUG	Provider finished startup: XPIProvider
1467883358881	addons.manager	DEBUG	Starting provider: LightweightThemeManager
1467883358881	addons.manager	DEBUG	Registering shutdown blocker for LightweightThemeManager
1467883358881	addons.manager	DEBUG	Provider finished startup: LightweightThemeManager
1467883358882	addons.manager	DEBUG	Starting provider: GMPProvider
1467883358887	addons.manager	DEBUG	Registering shutdown blocker for GMPProvider
1467883358888	addons.manager	DEBUG	Provider finished startup: GMPProvider
1467883358888	addons.manager	DEBUG	Starting provider: PluginProvider
1467883358888	addons.manager	DEBUG	Registering shutdown blocker for PluginProvider
1467883358888	addons.manager	DEBUG	Provider finished startup: PluginProvider
1467883358888	addons.manager	DEBUG	Completed startup sequence
1467883360140	addons.manager	DEBUG	Starting provider: &lt;unnamed-provider&gt;
1467883360140	addons.manager	DEBUG	Registering shutdown blocker for &lt;unnamed-provider&gt;
1467883360140	addons.manager	DEBUG	Provider finished startup: &lt;unnamed-provider&gt;
1467883360141	DeferredSave.extensions.json	DEBUG	Starting write
1467883360400	addons.repository	DEBUG	No addons.json found.
1467883360401	DeferredSave.addons.json	DEBUG	Save changes
1467883360403	DeferredSave.addons.json	DEBUG	Starting timer
1467883360418	addons.manager	DEBUG	Starting provider: PreviousExperimentProvider
1467883360419	addons.manager	DEBUG	Registering shutdown blocker for PreviousExperimentProvider
1467883360419	addons.manager	DEBUG	Provider finished startup: PreviousExperimentProvider
1467883360422	DeferredSave.extensions.json	DEBUG	Write succeeded
1467883360423	addons.xpi-utils	DEBUG	XPI Database saved, setting schema version preference to 17
1467883360454	DeferredSave.addons.json	DEBUG	Starting write
1467883360466	DeferredSave.addons.json	DEBUG	Write succeeded
1467883371647	addons.xpi	DEBUG	Calling bootstrap method shutdown on e10srollout@mozilla.org version 1.0
1467883371648	addons.xpi	DEBUG	Calling bootstrap method shutdown on firefox@getpocket.com version 1.0.2
1467883371648	addons.xpi	DEBUG	Calling bootstrap method shutdown on loop@mozilla.org version 1.3.2
1467883371800	addons.manager	DEBUG	shutdown
1467883371801	addons.manager	DEBUG	Calling shutdown blocker for XPIProvider
1467883371801	addons.xpi	DEBUG	shutdown
1467883371801	addons.xpi-utils	DEBUG	shutdown
1467883371802	addons.manager	DEBUG	Calling shutdown blocker for LightweightThemeManager
1467883371802	addons.manager	DEBUG	Calling shutdown blocker for GMPProvider
1467883371804	addons.manager	DEBUG	Calling shutdown blocker for PluginProvider
1467883371804	addons.manager	DEBUG	Calling shutdown blocker for &lt;unnamed-provider&gt;
1467883371806	addons.manager	DEBUG	Calling shutdown blocker for PreviousExperimentProvider
1467883371808	addons.xpi	DEBUG	Notifying XPI shutdown observers
1467883371812	addons.manager	DEBUG	Async provider shutdown done

Build info: version: &#039;2.53.0&#039;, revision: &#039;35ae25b&#039;, time: &#039;2016-03-15 17:00:58&#039;
System info: host: &#039;VuET&#039;, ip: &#039;10.0.11.122&#039;, os.name: &#039;Windows 7&#039;, os.arch: &#039;amd64&#039;, os.version: &#039;6.1&#039;, java.version: &#039;1.8.0_92&#039;
Driver info: driver.version: FirefoxDriver">
      <![CDATA[org.openqa.selenium.WebDriverException: Failed to connect to binary FirefoxBinary(C:\Program Files\Mozilla Firefox\firefox.exe) on port 7055; process output follows: 
DEBUG	getModTime: Recursive scan of {972ce4c6-7e08-4474-a285-3208198ce6fd}
1467883358857	DeferredSave.extensions.json	DEBUG	Save changes
1467883358857	addons.xpi	DEBUG	Updating database with changes to installed add-ons
1467883358858	addons.xpi-utils	DEBUG	Updating add-on states
1467883358858	addons.xpi-utils	DEBUG	Writing add-ons list
1467883358860	addons.xpi	DEBUG	Registering manifest for C:\Program Files\Mozilla Firefox\browser\features\e10srollout@mozilla.org.xpi
1467883358860	addons.xpi	DEBUG	Calling bootstrap method startup on e10srollout@mozilla.org version 1.0
1467883358860	addons.xpi	DEBUG	Registering manifest for C:\Program Files\Mozilla Firefox\browser\features\firefox@getpocket.com.xpi
1467883358861	addons.xpi	DEBUG	Calling bootstrap method startup on firefox@getpocket.com version 1.0.2
1467883358862	addons.xpi	DEBUG	Registering manifest for C:\Program Files\Mozilla Firefox\browser\features\loop@mozilla.org.xpi
1467883358862	addons.xpi	DEBUG	Calling bootstrap method startup on loop@mozilla.org version 1.3.2
1467883358881	addons.manager	DEBUG	Registering shutdown blocker for XPIProvider
1467883358881	addons.manager	DEBUG	Provider finished startup: XPIProvider
1467883358881	addons.manager	DEBUG	Starting provider: LightweightThemeManager
1467883358881	addons.manager	DEBUG	Registering shutdown blocker for LightweightThemeManager
1467883358881	addons.manager	DEBUG	Provider finished startup: LightweightThemeManager
1467883358882	addons.manager	DEBUG	Starting provider: GMPProvider
1467883358887	addons.manager	DEBUG	Registering shutdown blocker for GMPProvider
1467883358888	addons.manager	DEBUG	Provider finished startup: GMPProvider
1467883358888	addons.manager	DEBUG	Starting provider: PluginProvider
1467883358888	addons.manager	DEBUG	Registering shutdown blocker for PluginProvider
1467883358888	addons.manager	DEBUG	Provider finished startup: PluginProvider
1467883358888	addons.manager	DEBUG	Completed startup sequence
1467883360140	addons.manager	DEBUG	Starting provider: <unnamed-provider>
1467883360140	addons.manager	DEBUG	Registering shutdown blocker for <unnamed-provider>
1467883360140	addons.manager	DEBUG	Provider finished startup: <unnamed-provider>
1467883360141	DeferredSave.extensions.json	DEBUG	Starting write
1467883360400	addons.repository	DEBUG	No addons.json found.
1467883360401	DeferredSave.addons.json	DEBUG	Save changes
1467883360403	DeferredSave.addons.json	DEBUG	Starting timer
1467883360418	addons.manager	DEBUG	Starting provider: PreviousExperimentProvider
1467883360419	addons.manager	DEBUG	Registering shutdown blocker for PreviousExperimentProvider
1467883360419	addons.manager	DEBUG	Provider finished startup: PreviousExperimentProvider
1467883360422	DeferredSave.extensions.json	DEBUG	Write succeeded
1467883360423	addons.xpi-utils	DEBUG	XPI Database saved, setting schema version preference to 17
1467883360454	DeferredSave.addons.json	DEBUG	Starting write
1467883360466	DeferredSave.addons.json	DEBUG	Write succeeded
1467883371647	addons.xpi	DEBUG	Calling bootstrap method shutdown on e10srollout@mozilla.org version 1.0
1467883371648	addons.xpi	DEBUG	Calling bootstrap method shutdown on firefox@getpocket.com version 1.0.2
1467883371648	addons.xpi	DEBUG	Calling bootstrap method shutdown on loop@mozilla.org version 1.3.2
1467883371800	addons.manager	DEBUG	shutdown
1467883371801	addons.manager	DEBUG	Calling shutdown blocker for XPIProvider
1467883371801	addons.xpi	DEBUG	shutdown
1467883371801	addons.xpi-utils	DEBUG	shutdown
1467883371802	addons.manager	DEBUG	Calling shutdown blocker for LightweightThemeManager
1467883371802	addons.manager	DEBUG	Calling shutdown blocker for GMPProvider
1467883371804	addons.manager	DEBUG	Calling shutdown blocker for PluginProvider
1467883371804	addons.manager	DEBUG	Calling shutdown blocker for <unnamed-provider>
1467883371806	addons.manager	DEBUG	Calling shutdown blocker for PreviousExperimentProvider
1467883371808	addons.xpi	DEBUG	Notifying XPI shutdown observers
1467883371812	addons.manager	DEBUG	Async provider shutdown done

Build info: version: '2.53.0', revision: '35ae25b', time: '2016-03-15 17:00:58'
System info: host: 'VuET', ip: '10.0.11.122', os.name: 'Windows 7', os.arch: 'amd64', os.version: '6.1', java.version: '1.8.0_92'
Driver info: driver.version: FirefoxDriver
	at org.openqa.selenium.firefox.internal.NewProfileExtensionConnection.start(NewProfileExtensionConnection.java:124)
	at org.openqa.selenium.firefox.FirefoxDriver.startClient(FirefoxDriver.java:271)
	at org.openqa.selenium.remote.RemoteWebDriver.<init>(RemoteWebDriver.java:119)
	at org.openqa.selenium.firefox.FirefoxDriver.<init>(FirefoxDriver.java:218)
	at org.openqa.selenium.firefox.FirefoxDriver.<init>(FirefoxDriver.java:211)
	at org.openqa.selenium.firefox.FirefoxDriver.<init>(FirefoxDriver.java:207)
	at org.openqa.selenium.firefox.FirefoxDriver.<init>(FirefoxDriver.java:120)
	at AutomationFramwork.NewTest.beforeMethod(NewTest.java:61)
	at sun.reflect.NativeMethodAccessorImpl.invoke0(Native Method)
	at sun.reflect.NativeMethodAccessorImpl.invoke(Unknown Source)
	at sun.reflect.DelegatingMethodAccessorImpl.invoke(Unknown Source)
	at java.lang.reflect.Method.invoke(Unknown Source)
	at org.testng.internal.MethodInvocationHelper.invokeMethod(MethodInvocationHelper.java:85)
	at org.testng.internal.Invoker.invokeConfigurationMethod(Invoker.java:510)
	at org.testng.internal.Invoker.invokeConfigurations(Invoker.java:211)
	at org.testng.internal.Invoker.invokeMethod(Invoker.java:585)
	at org.testng.internal.Invoker.invokeTestMethod(Invoker.java:816)
	at org.testng.internal.Invoker.invokeTestMethods(Invoker.java:1124)
	at org.testng.internal.TestMethodWorker.invokeTestMethods(TestMethodWorker.java:125)
	at org.testng.internal.TestMethodWorker.run(TestMethodWorker.java:108)
	at org.testng.TestRunner.privateRun(TestRunner.java:774)
	at org.testng.TestRunner.run(TestRunner.java:624)
	at org.testng.SuiteRunner.runTest(SuiteRunner.java:359)
	at org.testng.SuiteRunner.runSequentially(SuiteRunner.java:354)
	at org.testng.SuiteRunner.privateRun(SuiteRunner.java:312)
	at org.testng.SuiteRunner.run(SuiteRunner.java:261)
	at org.testng.SuiteRunnerWorker.runSuite(SuiteRunnerWorker.java:52)
	at org.testng.SuiteRunnerWorker.run(SuiteRunnerWorker.java:86)
	at org.testng.TestNG.runSuitesSequentially(TestNG.java:1215)
	at org.testng.TestNG.runSuitesLocally(TestNG.java:1140)
	at org.testng.TestNG.run(TestNG.java:1048)
	at org.testng.remote.AbstractRemoteTestNG.run(AbstractRemoteTestNG.java:126)
	at org.testng.remote.RemoteTestNG.initAndRun(RemoteTestNG.java:137)
	at org.testng.remote.RemoteTestNG.main(RemoteTestNG.java:58)
Caused by: org.openqa.selenium.firefox.NotConnectedException: Unable to connect to host 127.0.0.1 on port 7055 after 45000 ms. Firefox console output:
DEBUG	getModTime: Recursive scan of {972ce4c6-7e08-4474-a285-3208198ce6fd}
1467883358857	DeferredSave.extensions.json	DEBUG	Save changes
1467883358857	addons.xpi	DEBUG	Updating database with changes to installed add-ons
1467883358858	addons.xpi-utils	DEBUG	Updating add-on states
1467883358858	addons.xpi-utils	DEBUG	Writing add-ons list
1467883358860	addons.xpi	DEBUG	Registering manifest for C:\Program Files\Mozilla Firefox\browser\features\e10srollout@mozilla.org.xpi
1467883358860	addons.xpi	DEBUG	Calling bootstrap method startup on e10srollout@mozilla.org version 1.0
1467883358860	addons.xpi	DEBUG	Registering manifest for C:\Program Files\Mozilla Firefox\browser\features\firefox@getpocket.com.xpi
1467883358861	addons.xpi	DEBUG	Calling bootstrap method startup on firefox@getpocket.com version 1.0.2
1467883358862	addons.xpi	DEBUG	Registering manifest for C:\Program Files\Mozilla Firefox\browser\features\loop@mozilla.org.xpi
1467883358862	addons.xpi	DEBUG	Calling bootstrap method startup on loop@mozilla.org version 1.3.2
1467883358881	addons.manager	DEBUG	Registering shutdown blocker for XPIProvider
1467883358881	addons.manager	DEBUG	Provider finished startup: XPIProvider
1467883358881	addons.manager	DEBUG	Starting provider: LightweightThemeManager
1467883358881	addons.manager	DEBUG	Registering shutdown blocker for LightweightThemeManager
1467883358881	addons.manager	DEBUG	Provider finished startup: LightweightThemeManager
1467883358882	addons.manager	DEBUG	Starting provider: GMPProvider
1467883358887	addons.manager	DEBUG	Registering shutdown blocker for GMPProvider
1467883358888	addons.manager	DEBUG	Provider finished startup: GMPProvider
1467883358888	addons.manager	DEBUG	Starting provider: PluginProvider
1467883358888	addons.manager	DEBUG	Registering shutdown blocker for PluginProvider
1467883358888	addons.manager	DEBUG	Provider finished startup: PluginProvider
1467883358888	addons.manager	DEBUG	Completed startup sequence
1467883360140	addons.manager	DEBUG	Starting provider: <unnamed-provider>
1467883360140	addons.manager	DEBUG	Registering shutdown blocker for <unnamed-provider>
1467883360140	addons.manager	DEBUG	Provider finished startup: <unnamed-provider>
1467883360141	DeferredSave.extensions.json	DEBUG	Starting write
1467883360400	addons.repository	DEBUG	No addons.json found.
1467883360401	DeferredSave.addons.json	DEBUG	Save changes
1467883360403	DeferredSave.addons.json	DEBUG	Starting timer
1467883360418	addons.manager	DEBUG	Starting provider: PreviousExperimentProvider
1467883360419	addons.manager	DEBUG	Registering shutdown blocker for PreviousExperimentProvider
1467883360419	addons.manager	DEBUG	Provider finished startup: PreviousExperimentProvider
1467883360422	DeferredSave.extensions.json	DEBUG	Write succeeded
1467883360423	addons.xpi-utils	DEBUG	XPI Database saved, setting schema version preference to 17
1467883360454	DeferredSave.addons.json	DEBUG	Starting write
1467883360466	DeferredSave.addons.json	DEBUG	Write succeeded
1467883371647	addons.xpi	DEBUG	Calling bootstrap method shutdown on e10srollout@mozilla.org version 1.0
1467883371648	addons.xpi	DEBUG	Calling bootstrap method shutdown on firefox@getpocket.com version 1.0.2
1467883371648	addons.xpi	DEBUG	Calling bootstrap method shutdown on loop@mozilla.org version 1.3.2
1467883371800	addons.manager	DEBUG	shutdown
1467883371801	addons.manager	DEBUG	Calling shutdown blocker for XPIProvider
1467883371801	addons.xpi	DEBUG	shutdown
1467883371801	addons.xpi-utils	DEBUG	shutdown
1467883371802	addons.manager	DEBUG	Calling shutdown blocker for LightweightThemeManager
1467883371802	addons.manager	DEBUG	Calling shutdown blocker for GMPProvider
1467883371804	addons.manager	DEBUG	Calling shutdown blocker for PluginProvider
1467883371804	addons.manager	DEBUG	Calling shutdown blocker for <unnamed-provider>
1467883371806	addons.manager	DEBUG	Calling shutdown blocker for PreviousExperimentProvider
1467883371808	addons.xpi	DEBUG	Notifying XPI shutdown observers
1467883371812	addons.manager	DEBUG	Async provider shutdown done

	at org.openqa.selenium.firefox.internal.NewProfileExtensionConnection.start(NewProfileExtensionConnection.java:112)
	... 33 more
]]>
    </error>
  </testcase> <!-- main -->
</testsuite> <!-- AutomationFramwork.NewTest -->
